<?xml version="1.0" encoding="UTF-8"?>
<!-- Generated by org.testng.reporters.JUnitReportReporter -->
<testsuite skipped="0" hostname="DESKTOP-BL83OLM" name="BrowserOperations.Sample1" tests="1" failures="0" timestamp="2022-05-21T09:51:22 PDT" time="0.030" errors="0">
  <testcase name="smoketc1" time="0.030" classname="BrowserOperations.Sample1"/>
  <system-out/>
</testsuite> <!-- BrowserOperations.Sample1 -->
